242.9957819002079
98.64817827979216
71.53251703471915
57.57079162004658
48.59479014202472
42.00282250017166
36.71657303820446
32.2261570501101
28.346274200128878
25.241608256671405
22.804875658454133
20.824428866883224
19.122454533707067
17.6121509462187
16.25952672973108
15.054491965714023
13.992216256598153
13.098868547887477
12.25810366791914
11.442197742294294
10.7389525061959
10.15576987993128
9.665697816859451
9.292049670162905
8.98577155576978
8.721314782735018
8.48031229795154
8.242619365799493
7.983808992487142
7.734403275018535
7.5240067357849805
7.30668926210772
7.086905856615835
6.933371333188108
6.81516758608689
6.714470438782477
6.625749395232619
6.546243577604453
6.474252912365085
6.408590561809653
6.348363887801812
6.2928698233839775
6.241537611890039
6.193894057380776
6.149540728459934
6.1081381050957875
6.069394060166898
6.033055207722384
5.998900235626157
5.966734662319349
5.936386645313073
5.90770358433228
5.880549335938372
5.8548019055913105
5.830351516783228
5.8070989805194015
5.784954305329013
5.7638355002044825
5.743667531693468
5.724381402616055
5.705913324045259
5.688203954500947
5.671197680777326
5.654841913195214
5.639086363752682
5.623882267526554
5.609181493789082
5.5949354702055265
5.581093805069416
5.567602427747165
5.554400955684783
5.541418797553558
5.5285691361713205
5.515739233295423
5.502774089569693
5.489447509509202
5.475407908542651
5.4600700163684905
5.442381491976761
5.42027436786174
5.3892492521838316
5.338452251306008
5.242405137801223
5.104650091340627
5.041324706809317
5.014558640597587
4.99546547126242
4.979759942485083
4.9660058237624805
4.953522700028587
4.941923733344984
4.930957804745145
4.920441130009845
4.910221532115649
4.900155192196001
4.890086248468339
4.879821861481131
4.869092566564749
4.857477128764024
4.844239986115465
242.9957819002079
98.64817827979216
71.53251703471915
57.57079162004658
48.59479014202472
42.00282250017166
36.71657303820446
32.2261570501101
28.346274200128878
25.241608256671405
22.804875658454133
20.824428866883224
19.122454533707067
17.6121509462187
16.25952672973108
15.054491965714023
13.992216256598153
13.098868547887477
12.25810366791914
11.442197742294294
10.7389525061959
10.15576987993128
9.665697816859451
9.292049670162905
8.98577155576978
8.721314782735018
8.48031229795154
8.242619365799493
7.983808992487142
7.734403275018535
7.5240067357849805
7.30668926210772
7.086905856615835
6.933371333188108
6.81516758608689
6.714470438782477
6.625749395232619
6.546243577604453
6.474252912365085
6.408590561809653
6.348363887801812
6.2928698233839775
6.241537611890039
6.193894057380776
6.149540728459934
6.1081381050957875
6.069394060166898
6.033055207722384
5.998900235626157
5.966734662319349
5.936386645313073
5.90770358433228
5.880549335938372
5.8548019055913105
5.830351516783228
5.8070989805194015
5.784954305329013
5.7638355002044825
5.743667531693468
5.724381402616055
5.705913324045259
5.688203954500947
5.671197680777326
5.654841913195214
5.639086363752682
5.623882267526554
5.609181493789082
5.5949354702055265
5.581093805069416
5.567602427747165
5.554400955684783
5.541418797553558
5.5285691361713205
5.515739233295423
5.502774089569693
5.489447509509202
5.475407908542651
5.4600700163684905
5.442381491976761
5.42027436786174
5.3892492521838316
5.338452251306008
5.242405137801223
5.104650091340627
5.041324706809317
5.014558640597587
4.99546547126242
4.979759942485083
4.9660058237624805
4.953522700028587
4.941923733344984
4.930957804745145
4.920441130009845
4.910221532115649
4.900155192196001
4.890086248468339
4.879821861481131
4.869092566564749
4.857477128764024
4.844239986115465
4.827931468016827
4.805248386393568
4.76709911325534
4.678511865374396
4.443044575566075
4.374722585561721
4.335081839800918
4.288062768715127
4.23047642997717
4.172112200567867
4.124022633938574
4.086734481702546
4.057054662115995
4.032595705504801
4.011895533350177
3.9940225099419644
3.9783421742174934
3.9644000435811413
3.9518595924750097
3.9404661404877914
3.930023910249267
3.920380500653797
3.9114159416381726
3.903034782879117
3.8951602852242484
3.8877301106934965
3.8806930985444303
3.874006836764734
3.8676358204074477
3.8615500454351466
3.855723927517978
3.850135464614944
3.844765583483177
3.8395976257890823
3.834616940846884
3.829810560335607
3.8251669364713834
3.8206757296386917
3.8163276348413886
3.8121142388373106
3.808027901694968
3.804061657923046
3.8002091333922836
3.7964644750839427
3.7928222913227954
3.7892776006333215
3.7858257877302934
3.782462565445651
3.7791839416211257
3.775986190175893
3.7728658257007908
3.7698195810442248
3.7668443874455892
3.7639373568453047
3.761095766059233
3.7583170425529384
3.7555987515899285
3.7529385845590104
3.7503343483110125
3.7477839553547727
3.7452854147782673
3.742836823771645
3.7404363596374473
3.7380822721774987
3.7357728763469544
3.733506545063285
3.7312817020507834
3.7290968145891115
3.726950386015824
3.7248409478066757
3.7227670510202646
3.7207272568427645
3.718720125898304
3.716744205894267
3.7147980170363533
3.7128800344621573
3.7109886666778413
3.709122228607233
3.707278907318675
3.705456717697853
3.7036534441461018
3.7018665625786085
3.700093134203701
3.6983296581443406
3.696571862802234
3.6948144039491244
3.6930504171047525
3.6912708355620785
3.689463318800097
3.6876105080277535
3.68568706721901
3.6836544155605995
3.6814507936127967
3.678971173404947
3.6760229697799907
3.672217223454467
3.6666615508588163
3.656927350417732
3.634747250377613
3.5477932388828743
3.2279864379128447
3.2190174992813865
3.2131943113269146
3.2086472438163565
3.2048587181274564
3.2015694564209496
3.1986333147039527
3.195960775834518
3.19349345729377
3.191191315693837
3.189025713731206
3.18697543704357
3.1850242940007023
3.1831596093471224
3.1813712444956237
3.1796509397329396
3.1779918597171557
3.1763882711954747
3.1748353090626433
3.173328802917913
3.171865146004672
3.170441194467898
3.169054188718499
3.1677016912031015
3.1663815365451264
3.1650917911531975
3.1638307201719247
3.16259676019708
3.16138849656713
3.1602046443245215
3.1590440321475675
3.1579055887071035
3.1567883310177525
3.155691354441683
3.15461382407033
3.1535549672618304
3.1525140671534584
3.1514904570003703
3.150483515218246
3.1494926610280283
3.148517350617696
3.147557073749827
3.1466113507548217
3.1456797298588497
3.144761784803211
3.143857112718199
3.1429653322197644
3.1420860817018155
3.1412190178007355
3.140363814011707
3.139520159439366
3.1386877576675998
3.137866325734799
3.137055593203417
3.136255301313193
3.1354652022094247
3.1346850582381336
3.1339146413015557
3.133153732267381
3.132402120426751
3.131659602995916
3.1309259846575084
3.1302010771374245
3.129484698814219
3.1287766743576806
3.1280768343941885
3.127385015196219
3.126701058394075
3.126024810707634
3.1253561236966285
3.1246948535276338
3.1240408607567165
3.123394010125963
3.122754170373298
3.1221212140540557
3.1214950173736655
3.120875460030572
3.1202624250683333
3.1196557987366482
3.1190554703601743
3.118461332214998
3.117873279411834
3.1172912097857615
3.1167150237918473
3.1161446244063136
3.115579917032964
3.115020809414296
3.1144672115472587
3.113919035603075
3.113376195851159
3.1128386085865647
3.11230619206099
3.1117788664170285
3.111256553625401
3.110739177425108
3.110226663266226
3.1097189382553334
3.1092159311031904
3.108717572074826
3.108223792941565
3.107734526935352
3.107249708704602
3.106769274272203
3.106293160995011
3.105821307524981
3.1053536537719473
3.1048901408677203
3.104430711131613
3.103975308037297
3.103523876180887
3.103076361250206
3.1026327099951776
3.10219287019932
3.1017567906521917
3.101324421122931
3.100895712334613
3.1004706159395603
3.1000490844954744
3.0996310714424107
3.0992165310804967
3.098805418548411
3.098397689802559
3.097993301596972
3.0975922114637697
3.097194377694357
3.096799759321144
3.096408316099878
3.0960200084924665
3.09563479765046
3.09525264539889
3.094873514220688
3.094497367241585
3.094124168215377
3.093753881509742
3.0933864720923534
3.0930219055175083
3.092660147913065
3.0923011659677875
3.091944926919065
3.091591398540935
3.0912405491324604
3.0908923475064776
3.0905467629785677
3.090203765356401
3.0898633249293437
3.0895254124583515
3.0891899991661185
3.0888570567274978
3.088526557260219
3.0881984733157513
3.087872777870521
3.0875494443172538
3.0872284464566015
3.086909758488983
3.086593355006607
3.086279210985689
3.0859673017788958
3.0856576031079834
3.0853500910565574
3.0850447420630753
3.084741532913996
3.084440440737115
3.0841414429949987
3.0838445174786564
3.0835496423013096
3.0832567958923653
3.0829659569914334
3.082677104642618
3.0823902181887872
3.0821052772661455
3.081822261798797
3.0815411519934908
3.0812619283344618
3.080984571578448
3.0807090627497606
3.0804353831354394
3.080163514280642
3.079893437983988
3.079625136293081
3.0793585915001773
3.0790937861377947
3.0788307029746336
3.0785693250113595
3.078309635476644
3.0780516178232604
3.0777952557241495
3.077540533068749
3.0772874339592358
3.077035942706988
3.0767860438289567
3.0765377220443253
3.076290962271037
3.076045749622519
3.075802069404431
3.075559907111474
3.0753192484242855
3.0750800792063857
3.074842385501198
3.074606153529099
3.074371369684585
3.0741380205334035
3.073906092809854
3.0736755734140604
3.07344644940931
3.0732187080194975
3.072992336626517
3.072767322767857
3.072543654134055
3.0723213185663742
3.0721003040544095
3.0718805987337863
3.0716621908839112
3.071445068925761
3.071229221419647
3.0710146370631377
3.0708013046889437
3.070589213262854
3.0703783518817445
3.070168709771523
3.069960276285282
3.069753040901327
3.0695469932213024
3.0693421229684077
3.0691384199855345
3.0689358742334947
3.068734475789335
3.0685342148445742
3.068335081703537
3.0681370667817225
3.067940160604178
3.067744353803911
3.0675496371203006
3.067356001397615
3.067163437583457
3.066971936727326
3.0667814899791144
3.0665920885877394
3.0664037238996737
3.0662163873576107
3.066030070499099
3.0658447649552283
3.065660462449238
3.065477154795362
3.0652948338974446
3.065113491747764
3.0649331204257733
3.0647537120969406
3.0645752590115367
3.064397753503445
3.0642211879890904
3.0640455549662637
3.0638708470130256
3.063697056786638
3.0635241770224737
3.0633522005329747
3.063181120206607
3.0630109290068828
3.062841619971297
3.0626731862104095
3.0625056209068195
3.0623389173142734
3.0621730687566453
3.0620080686271
3.061843910387125
3.061680587565691
3.0615180937583095
3.061356422626222
3.0611955678955094
3.061035523356298
3.060876282861905
3.060717840328007
3.060560189731892
3.060403325111634
3.060247240565344
3.0600919302503873
3.059937388382639
3.0597836092357453
3.0596305871404064
3.059478316483637
3.05932679170809
3.059176007311349
3.0590259578452126
3.058876637915078
3.058728042179247
3.058580165348252
3.058433002184259
3.0582865475003898
3.0581407961601186
3.0579957430766704
3.057851383212369
3.057707711578096
3.0575647232326415
3.057422413282194
3.057280776879696
3.057139809224343
3.05699950556099
3.0568598611796194
3.056720871414785
3.0565825316451347
3.056444837292805
3.0563077838229646
3.0561713667432846
3.0560355816034597
3.055900423994677
3.0557658895491593
3.055631973939663
3.0554986728790237
3.0553659821196884
3.055233897453234
3.0551024147099524
3.054971529758349
3.054841238504761
3.0547115368928806
3.054582420903341
3.054453886553298
3.0543259298960095
3.0541985470204223
3.0540717340507517
3.0539454871461316
3.0538198025001573
3.0536946763405317
3.0535701049286836
3.053446084559372
3.053322611560339
3.053199682291902
3.053077293146631
3.052955440548956
3.0528341209548495
3.052713330851461
3.0525930667567365
3.05247332521914
3.0523541028172927
3.0522353961596265
3.0521172018840854
3.0519995166577925
3.0518823371767185
3.0517656601653824
3.0516494823765616
3.051533800590921
3.051418611616806
3.0513039122898733
3.0511896994728036
3.051075970055063
3.050962720952549
3.050849949107378
3.0507376514875153
3.050625825086624
3.0505144669236666
3.050403574042723
3.050293143512706
3.05018317242707
3.050073657903588
3.0499645970840774
3.0498559871341695
3.0497478252430374
3.0496401086231573
3.0495328345100985
3.04942600016221
3.0493196028604617
3.049213639908183
3.0491081086308207
3.049003006375729
3.048898330511932
3.048794078429894
3.048690247541347
3.0485868352790333
3.048483839096486
3.048381256467825
3.0482790848875942
3.0481773218704786
3.0480759649511664
3.0479750116841124
3.047874459643364
3.047774306422317
3.047674549633599
3.0475751869088055
3.0474762158983433
3.0473776342712533
3.047279439715021
3.0471816299353467
3.0470842026560603
3.0469871556188464
3.0468904865831417
3.04679419332591
3.046698273641505
3.0466027253414696
3.046507546254401
3.0464127342257816
3.046318287117771
3.0462242028090913
3.0461304791948773
3.0460371141864515
3.045944105711242
3.0458514517125828
3.045759150149585
3.0456671989969535
3.04557559624488
3.0454843398988913
3.0453934279796435
3.0453028585228634
3.0452126295791433
3.045122739213835
3.0450331855068913
3.0449439665527263
3.0448550804601098
3.0447665253520078
3.0446782993654433
3.04459040065136
3.0445028273745494
3.044415577713445
3.044328649860041
3.04424204201977
3.0441557524113345
3.0440697792666573
3.0439841208306744
3.043898775361283
3.043813741129196
3.0437290164178235
3.04364459952315
3.0435604887536383
3.043476682430107
3.043393178885627
3.0433099764653804
3.043227073526579
3.0431444684383635
3.043062159581657
3.0429801453491017
3.042898424144913
3.042816994384816
3.0427358544959198
3.042655002916605
3.0425744380964455
3.042494158496116
3.042414162587253
3.042334448852397
3.042255015784868
3.0421758618886985
3.0420969856785223
3.0420183856794654
3.0419400604270868
3.0418620084672634
3.0417842283561187
3.0417067186599023
3.041629477954929
3.0415525048274974
3.0414757978737637
3.0413993556996854
3.041323176920962
3.041247260162875
3.041171604060276
3.0410962072574814
3.0410210684081864
3.0409461861753537
3.0408715592312143
3.0407971862571155
3.0407230659434745
3.040649196989683
3.0405755781040527
3.0405022080037196
3.040429085414587
3.040356209071252
3.040283577716895
3.0402111901032334
3.040139044990499
3.0400671411472553
3.0399954773504376
3.039924052385204
3.039852865044911
3.03978191413104
3.039711198453104
3.039640716828598
3.0395704680829554
3.0395004510494217
3.0394306645690716
3.0393611074906657
3.0392917786706257
3.0392226769729795
3.0391538012692796
3.0390851504385408
3.0390167233671743
3.038948518948983
3.038880536085003
3.038812773683523
3.0387452306599982
3.038677905936993
3.0386107984441155
3.03854390711798
3.03847723090212
3.0384107687469815
3.0383445196097916
3.038278482454602
3.0382126562521243
3.0381470399797785
3.038081632621563
3.0380164331680364
3.0379514406162897
3.0378866539698164
3.0378220722385487
3.037757694438748
3.0376935195929784
3.0376295467300625
3.037565774884993
3.037502203098943
3.037438830419166
3.0373756558989613
3.0373126785976807
3.037249897580564
3.0371873119188173
3.0371249206894837
3.0370627229754152
3.037000717865268
3.036938904453401
3.0368772818398604
3.0368158491303388
3.0367546054361103
3.036693549874012
3.0366326815663727
3.0365719996410077
3.0365115032311394
3.0364511914753742
3.0363910635176623
3.036331118507248
3.0362713555986267
3.0362117739515173
3.036152372730817
3.03609315110657
3.0360341082538804
3.035975243352952
3.035916555588992
3.035858044152178
3.0357997082376627
3.035741547045471
3.0356835597805127
3.0356257456525304
3.035568103876065
3.0355106336703908
3.035453334259542
3.03539620487222
3.0353392447417753
3.035282453106176
3.0352258292079823
3.0351693722943005
3.035113081616742
3.035056956431392
3.035000995998822
3.0349451995839507
3.034889566456134
3.034834095889039
3.0347787871606746
3.0347236395533153
3.0346686523534867
3.0346138248519483
3.0345591563436227
3.0345046461276217
3.0344502935071453
3.0343960977895295
3.0343420582861436
3.034288174312405
3.034234445187734
3.034180870235548
3.0341274487831726
3.034074180161891
3.0340210637068292
3.0339680987570294
3.033915284655325
3.0338626207483697
3.0338101063865945
3.0337577409241696
3.0337055237190067
3.033653454132685
3.0336015315304765
3.0335497552812885
3.0334981247576254
3.033446639335606
3.0333952983948977
3.033344101318687
3.0332930474937174
3.0332421363101827
3.033191367161737
3.0331407394454915
3.033090252561947
3.0330399059150035
3.03298969891193
3.0329396309633037
3.032889701483039
3.032839909888353
3.0327902555996813
3.0327407380407663
3.0326913566385083
3.0326421108230517
3.0325930000276955
3.0325440236888874
3.032495181246199
3.032446472142339
3.032397895823057
3.032349451737209
3.0323011393366524
3.032252958076287
3.0322049074140005
3.0321569868106586
3.0321091957300954
3.0320615336390593
3.0320140000072295
3.031966594307171
3.0319193160143136
3.0318721646069444
3.0318251395661977
3.031778240375983
3.031731466523049
3.0316848174968865
3.03163829278975
3.031591891896618
3.031545614315196
3.0314994595458726
3.03145342709173
3.0314075164584895
3.0313617271545166
3.031316058690821
3.031270510580961
3.0312250823411375
3.0311797734900745
3.031134583549077
3.0310895120419556
3.0310445584950423
3.0309997224371643
3.0309550033996278
3.0309104009161913
3.030865914523065
3.03082154375888
3.0307772881646806
3.0307331472839074
3.030689120662355
3.030645207848197
3.030601408391958
3.0305577218464563
3.030514147766856
3.0304706857105947
3.0304273352373934
3.030384095909224
3.0303409672903285
3.0302979489471604
3.0302550404484045
3.030212241364922
3.030169551269786
3.030126969738221
3.0300844963476314
3.0300421306775043
3.0299998723095216
3.029957720827432
3.0299156758170955
3.029873736866448
3.0298319035654915
3.029790175506283
3.0297485522829164
3.029707033491504
3.029665618730184
3.029624307599089
3.0295830997003064
3.029541994637925
3.0295009920179634
3.029460091448412
3.0294192925391488
3.0293785949020124
3.0293379981507074
3.02929750190083
3.0292571057698705
3.029216809377172
3.0291766123439308
3.029136514293156
3.029096514849717
3.029056613640283
3.0290168102932937
3.028977104439017
3.0289374957094575
3.028897983738419
3.0288585681614224
3.0288192486157453
3.0287800247403798
3.0287408961760405
3.028701862565126
3.0286629235517513
3.028624078781689
3.0285853279023764
3.028546670562928
3.0285081064140824
3.0284696351082143
3.028431256299308
3.0283929696429746
3.028354774796424
3.0283166714184424
3.028278659169386
3.028240737711196
3.028202906707339
3.0281651658228643
3.028127514724324
3.0280899530797956
3.0280524805588693
3.028015096832648
3.0279778015737047
3.027940594456118
3.027903475155394
3.0278664433485436
3.0278294987139986
3.027792640931641
3.0277558696827684
3.0277191846501186
3.027682585517804
3.0276460719713687
3.0276096436977458
3.0275733003852054
3.027537041723437
3.027500867403465
3.0274647771176544
3.0274287705597365
3.0273928474247516
3.02735700740906
3.0273212502103664
3.0272855755276242
3.0272499830611164
3.027214472512416
3.027179043584349
3.0271436959810196
3.027108429407785
3.027073243571238
3.027038138179235
3.0270031129408297
3.0269681675663405
3.0269333017672495
3.0268985152562617
3.0268638077472962
3.026829178955428
3.026794628596928
3.0267601563892197
3.0267257620509134
3.0266914453017297
3.026657205862568
3.026623043455445
3.026588957803509
3.0265549486310253
3.026521015663359
3.0264871586270004
3.0264533772495033
3.0264196712595313
3.026386040386804
3.0263524843621323
3.0263190029173637
3.026285595785411
3.0262522627002375
3.0262190033968204
3.026185817611195
3.026152705080393
3.0261196655424785
3.0260866987365023
3.0260538044025376
3.026020982281608
3.025988232115759
3.0259555536479965
3.0259229466222846
3.025890410783549
3.0258579458776684
3.025825551651487
3.025793227852755
3.025760974230153
3.0257287905333166
3.025696676512753
3.025664631919901
3.0256326565071046
3.025600750027563
3.025568912235413
3.025537142885627
3.025505441734069
3.0254738085374586
3.0254422430533694
3.0254107450402143
3.025379314257284
3.025347950464671
3.02531665342329
3.0252854228948998
3.0252542586420503
3.0252231604281192
3.0251921280172627
3.0251611611744416
3.0251302596653957
3.02509942325664
3.025068651715465
3.0250379448099274
3.0250073023088278
3.024976723981722
3.0249462095989226
3.0249157589314644
3.0248853717510973
3.0248550478303406
3.0248247869423692
3.0247945888611016
3.02476445336115
3.0247343802178284
3.0247043692071216
3.0246744201057014
3.024644532690911
3.0246147067407914
